<?xml version="1.0" encoding="UTF-8"?>
<!-- Generated by org.testng.reporters.JUnitXMLReporter -->
<testsuite ignored="0" hostname="Anushas-MacBook-Pro.local" failures="6" tests="7" name="Command line test" time="0.051" errors="0" timestamp="2021-06-17T23:50:00 EDT">
  <testcase classname="test.Base" name="@BeforeTest beforeTest" time="-1.623988200469E9">
    <failure type="org.testng.TestNGException" message="
Parameter &amp;apos;browser&amp;apos; is required by BeforeTest on method beforeTest but has not been marked @Optional or defined
">
      <![CDATA[org.testng.TestNGException: 
Parameter 'browser' is required by BeforeTest on method beforeTest but has not been marked @Optional or defined

... Removed 30 stack frames]]>
    </failure>
  </testcase> <!-- @BeforeTest beforeTest -->
  <testcase classname="test.Base" name="@AfterTest afterTest" time="-1.623988200517E9">
    <skipped/>
  </testcase> <!-- @AfterTest afterTest -->
  <testcase classname="test.LoginTest" name="blankPasswordValidation" time="0.0">
    <failure type="org.testng.TestNGException" message="
Parameter &amp;apos;validUsername&amp;apos; is required by @Test on method blankPasswordValidation but has not been marked @Optional or defined
">
      <![CDATA[org.testng.TestNGException: 
Parameter 'validUsername' is required by @Test on method blankPasswordValidation but has not been marked @Optional or defined

at java.base/java.util.ArrayList.forEach(ArrayList.java:1511)
... Removed 35 stack frames]]>
    </failure>
  </testcase> <!-- blankPasswordValidation -->
  <testcase classname="test.LoginTest" name="blankUsernameAndPasswordValidation" time="0.0">
    <skipped/>
  </testcase> <!-- blankUsernameAndPasswordValidation -->
  <testcase classname="test.LoginTest" name="blankUsernameValidation" time="0.0">
    <failure type="org.testng.TestNGException" message="
Parameter &amp;apos;validPassword&amp;apos; is required by @Test on method blankUsernameValidation but has not been marked @Optional or defined
">
      <![CDATA[org.testng.TestNGException: 
Parameter 'validPassword' is required by @Test on method blankUsernameValidation but has not been marked @Optional or defined

at java.base/java.util.ArrayList.forEach(ArrayList.java:1511)
... Removed 35 stack frames]]>
    </failure>
  </testcase> <!-- blankUsernameValidation -->
  <testcase classname="test.LoginTest" name="invalidUsernameInvalidPasswordValidation" time="0.0">
    <failure type="org.testng.TestNGException" message="
Parameter &amp;apos;invalidUsername&amp;apos; is required by @Test on method invalidUsernameInvalidPasswordValidation but has not been marked @Optional or defined
">
      <![CDATA[org.testng.TestNGException: 
Parameter 'invalidUsername' is required by @Test on method invalidUsernameInvalidPasswordValidation but has not been marked @Optional or defined

at java.base/java.util.ArrayList.forEach(ArrayList.java:1511)
... Removed 35 stack frames]]>
    </failure>
  </testcase> <!-- invalidUsernameInvalidPasswordValidation -->
  <testcase classname="test.LoginTest" name="invalidUsernameValidPasswordValidation" time="0.0">
    <failure type="org.testng.TestNGException" message="
Parameter &amp;apos;invalidUsername&amp;apos; is required by @Test on method invalidUsernameValidPasswordValidation but has not been marked @Optional or defined
">
      <![CDATA[org.testng.TestNGException: 
Parameter 'invalidUsername' is required by @Test on method invalidUsernameValidPasswordValidation but has not been marked @Optional or defined

at java.base/java.util.ArrayList.forEach(ArrayList.java:1511)
... Removed 35 stack frames]]>
    </failure>
  </testcase> <!-- invalidUsernameValidPasswordValidation -->
  <testcase classname="test.LoginTest" name="validLoginValidation" time="0.0">
    <failure type="org.testng.TestNGException" message="
Parameter &amp;apos;validUsername&amp;apos; is required by @Test on method validLoginValidation but has not been marked @Optional or defined
">
      <![CDATA[org.testng.TestNGException: 
Parameter 'validUsername' is required by @Test on method validLoginValidation but has not been marked @Optional or defined

at java.base/java.util.ArrayList.forEach(ArrayList.java:1511)
... Removed 35 stack frames]]>
    </failure>
  </testcase> <!-- validLoginValidation -->
  <testcase classname="test.LoginTest" name="validUsernameInvalidPasswordValidation" time="0.0">
    <failure type="org.testng.TestNGException" message="
Parameter &amp;apos;validUsername&amp;apos; is required by @Test on method validUsernameInvalidPasswordValidation but has not been marked @Optional or defined
">
      <![CDATA[org.testng.TestNGException: 
Parameter 'validUsername' is required by @Test on method validUsernameInvalidPasswordValidation but has not been marked @Optional or defined

at java.base/java.util.ArrayList.forEach(ArrayList.java:1511)
... Removed 35 stack frames]]>
    </failure>
  </testcase> <!-- validUsernameInvalidPasswordValidation -->
</testsuite> <!-- Command line test -->
